<?xml version="1.0" encoding="UTF-8"?>
<!-- Generated by org.testng.reporters.JUnitReportReporter -->
<testsuite skipped="0" hostname="DESKTOP-PGN0CGC" name="example.NewTest" tests="1" failures="0" timestamp="2020-09-28T14:45:05 IST" time="12.167" errors="0">
  <testcase name="testEasy" time="12.167" classname="example.NewTest"/>
  <system-out/>
</testsuite> <!-- example.NewTest -->
